0 info it worked if it ends with ok
1 verbose cli [ 'node', '/usr/bin/npm', 'install', '-g', 'generator-hapi-style' ]
2 info using npm@1.4.28
3 info using node@v0.10.38
4 verbose node symlink /usr/bin/node
5 verbose cache add [ 'generator-hapi-style', null ]
6 verbose cache add name=undefined spec="generator-hapi-style" args=["generator-hapi-style",null]
7 verbose parsed url { protocol: null,
7 verbose parsed url   slashes: null,
7 verbose parsed url   auth: null,
7 verbose parsed url   host: null,
7 verbose parsed url   port: null,
7 verbose parsed url   hostname: null,
7 verbose parsed url   hash: null,
7 verbose parsed url   search: null,
7 verbose parsed url   query: null,
7 verbose parsed url   pathname: 'generator-hapi-style',
7 verbose parsed url   path: 'generator-hapi-style',
7 verbose parsed url   href: 'generator-hapi-style' }
8 silly lockFile bf1ae366-generator-hapi-style generator-hapi-style
9 verbose lock generator-hapi-style /home/shivam/.npm/bf1ae366-generator-hapi-style.lock
10 silly lockFile bf1ae366-generator-hapi-style generator-hapi-style
11 silly lockFile bf1ae366-generator-hapi-style generator-hapi-style
12 verbose addNamed [ 'generator-hapi-style', '' ]
13 verbose addNamed [ null, '*' ]
14 silly lockFile c95ca1c8-generator-hapi-style generator-hapi-style@
15 verbose lock generator-hapi-style@ /home/shivam/.npm/c95ca1c8-generator-hapi-style.lock
16 silly addNameRange { name: 'generator-hapi-style', range: '*', hasData: false }
17 verbose request where is /generator-hapi-style
18 verbose request registry https://registry.npmjs.org/
19 verbose request id 0e01bf0589147ed4
20 verbose url raw /generator-hapi-style
21 verbose url resolving [ 'https://registry.npmjs.org/', './generator-hapi-style' ]
22 verbose url resolved https://registry.npmjs.org/generator-hapi-style
23 verbose request where is https://registry.npmjs.org/generator-hapi-style
24 info trying registry request attempt 1 at 18:20:04
25 http GET https://registry.npmjs.org/generator-hapi-style
26 http 200 https://registry.npmjs.org/generator-hapi-style
27 silly registry.get cb [ 200,
27 silly registry.get   { server: 'CouchDB/1.5.0 (Erlang OTP/R16B03)',
27 silly registry.get     etag: '"DZW3U6C05BYAPVUVUNIJHBTJ4"',
27 silly registry.get     'content-type': 'application/json',
27 silly registry.get     'cache-control': 'max-age=60',
27 silly registry.get     'content-length': '16877',
27 silly registry.get     'accept-ranges': 'bytes',
27 silly registry.get     date: 'Mon, 06 Jul 2015 12:50:05 GMT',
27 silly registry.get     via: '1.1 varnish',
27 silly registry.get     age: '0',
27 silly registry.get     connection: 'keep-alive',
27 silly registry.get     'x-served-by': 'cache-sin6921-SIN',
27 silly registry.get     'x-cache': 'MISS',
27 silly registry.get     'x-cache-hits': '0',
27 silly registry.get     'x-timer': 'S1436187004.546632,VS0,VE521',
27 silly registry.get     vary: 'Accept' } ]
28 silly addNameRange number 2 { name: 'generator-hapi-style', range: '*', hasData: true }
29 silly addNameRange versions [ 'generator-hapi-style',
29 silly addNameRange   [ '1.0.0',
29 silly addNameRange     '1.0.1',
29 silly addNameRange     '1.0.2',
29 silly addNameRange     '1.1.0',
29 silly addNameRange     '1.1.1',
29 silly addNameRange     '1.1.2',
29 silly addNameRange     '1.2.0',
29 silly addNameRange     '1.2.1',
29 silly addNameRange     '2.0.0',
29 silly addNameRange     '2.0.1' ] ]
30 verbose addNamed [ 'generator-hapi-style', '2.0.1' ]
31 verbose addNamed [ '2.0.1', '2.0.1' ]
32 silly lockFile 1ad8620e-generator-hapi-style-2-0-1 generator-hapi-style@2.0.1
33 verbose lock generator-hapi-style@2.0.1 /home/shivam/.npm/1ad8620e-generator-hapi-style-2-0-1.lock
34 silly lockFile ac7c59cb-e-generator-hapi-style-2-0-1-tgz https://registry.npmjs.org/generator-hapi-style/-/generator-hapi-style-2.0.1.tgz
35 verbose lock https://registry.npmjs.org/generator-hapi-style/-/generator-hapi-style-2.0.1.tgz /home/shivam/.npm/ac7c59cb-e-generator-hapi-style-2-0-1-tgz.lock
36 verbose addRemoteTarball [ 'https://registry.npmjs.org/generator-hapi-style/-/generator-hapi-style-2.0.1.tgz',
36 verbose addRemoteTarball   '54e93d642a4773c07fbf7fd4ce9b6699e269afdf' ]
37 info retry fetch attempt 1 at 18:20:05
38 verbose fetch to= /tmp/npm-32196-kCbW_YHT/registry.npmjs.org/generator-hapi-style/-/generator-hapi-style-2.0.1.tgz
39 http GET https://registry.npmjs.org/generator-hapi-style/-/generator-hapi-style-2.0.1.tgz
40 http 200 https://registry.npmjs.org/generator-hapi-style/-/generator-hapi-style-2.0.1.tgz
41 silly lockFile ac7c59cb-e-generator-hapi-style-2-0-1-tgz https://registry.npmjs.org/generator-hapi-style/-/generator-hapi-style-2.0.1.tgz
42 silly lockFile ac7c59cb-e-generator-hapi-style-2-0-1-tgz https://registry.npmjs.org/generator-hapi-style/-/generator-hapi-style-2.0.1.tgz
43 silly lockFile 1ad8620e-generator-hapi-style-2-0-1 generator-hapi-style@2.0.1
44 silly lockFile 1ad8620e-generator-hapi-style-2-0-1 generator-hapi-style@2.0.1
45 silly lockFile c95ca1c8-generator-hapi-style generator-hapi-style@
46 silly lockFile c95ca1c8-generator-hapi-style generator-hapi-style@
47 silly resolved [ { name: 'generator-hapi-style',
47 silly resolved     version: '2.0.1',
47 silly resolved     description: 'Yeoman generator for scaffolding hapi apps and plugins',
47 silly resolved     main: 'new/index.js',
47 silly resolved     scripts:
47 silly resolved      { test: 'lab -c -L',
47 silly resolved        'test-cover': 'lab -c -r html -o ./test/artifacts/coverage.html && open ./test/artifacts/coverage.html',
47 silly resolved        update: 'david update' },
47 silly resolved     repository:
47 silly resolved      { type: 'git',
47 silly resolved        url: 'git+ssh://git@github.com/jedireza/generator-hapi-style.git' },
47 silly resolved     keywords:
47 silly resolved      [ 'hapi',
47 silly resolved        'plugin',
47 silly resolved        'generator',
47 silly resolved        'yeoman',
47 silly resolved        'yo',
47 silly resolved        'yeoman-generator' ],
47 silly resolved     author: { name: 'Reza Akhavan' },
47 silly resolved     license: 'MIT',
47 silly resolved     bugs: { url: 'https://github.com/jedireza/generator-hapi-style/issues' },
47 silly resolved     homepage: 'https://github.com/jedireza/generator-hapi-style',
47 silly resolved     devDependencies:
47 silly resolved      { code: '^1.x.x',
47 silly resolved        david: '^6.x.x',
47 silly resolved        lab: '^5.x.x',
47 silly resolved        proxyquire: '^1.x.x',
47 silly resolved        rimraf: '^2.x.x' },
47 silly resolved     dependencies:
47 silly resolved      { 'git-config': '0.0.7',
47 silly resolved        'github-url-from-git': '^1.x.x',
47 silly resolved        mkdirp: '^0.5.0',
47 silly resolved        'yeoman-generator': '^0.20.x' },
47 silly resolved     gitHead: 'b3667847db770534a3a8f18f4031abf9bffe8982',
47 silly resolved     _id: 'generator-hapi-style@2.0.1',
47 silly resolved     _shasum: '54e93d642a4773c07fbf7fd4ce9b6699e269afdf',
47 silly resolved     _from: 'generator-hapi-style@',
47 silly resolved     _npmVersion: '2.10.1',
47 silly resolved     _nodeVersion: '0.12.4',
47 silly resolved     _npmUser: { name: 'jedireza', email: 'jedireza@gmail.com' },
47 silly resolved     dist:
47 silly resolved      { shasum: '54e93d642a4773c07fbf7fd4ce9b6699e269afdf',
47 silly resolved        tarball: 'http://registry.npmjs.org/generator-hapi-style/-/generator-hapi-style-2.0.1.tgz' },
47 silly resolved     maintainers: [ [Object] ],
47 silly resolved     directories: {},
47 silly resolved     _resolved: 'https://registry.npmjs.org/generator-hapi-style/-/generator-hapi-style-2.0.1.tgz' } ]
48 info install generator-hapi-style@2.0.1 into /usr/lib
49 info installOne generator-hapi-style@2.0.1
50 verbose lib/node_modules/generator-hapi-style unbuild
51 verbose tar unpack /home/shivam/.npm/generator-hapi-style/2.0.1/package.tgz
52 silly lockFile a94ce7a9-ode-modules-generator-hapi-style tar:///usr/lib/node_modules/generator-hapi-style
53 verbose lock tar:///usr/lib/node_modules/generator-hapi-style /home/shivam/.npm/a94ce7a9-ode-modules-generator-hapi-style.lock
54 silly lockFile 25db995a-tor-hapi-style-2-0-1-package-tgz tar:///home/shivam/.npm/generator-hapi-style/2.0.1/package.tgz
55 verbose lock tar:///home/shivam/.npm/generator-hapi-style/2.0.1/package.tgz /home/shivam/.npm/25db995a-tor-hapi-style-2-0-1-package-tgz.lock
56 silly gunzTarPerm modes [ '775', '664' ]
57 error Error: EACCES, mkdir '/usr/lib/node_modules/generator-hapi-style'
57 error  { [Error: EACCES, mkdir '/usr/lib/node_modules/generator-hapi-style']
57 error   errno: 3,
57 error   code: 'EACCES',
57 error   path: '/usr/lib/node_modules/generator-hapi-style',
57 error   fstream_type: 'Directory',
57 error   fstream_path: '/usr/lib/node_modules/generator-hapi-style',
57 error   fstream_class: 'DirWriter',
57 error   fstream_stack:
57 error    [ '/usr/lib/node_modules/npm/node_modules/fstream/lib/dir-writer.js:36:23',
57 error      '/usr/lib/node_modules/npm/node_modules/mkdirp/index.js:46:53',
57 error      'Object.oncomplete (fs.js:108:15)' ] }
58 error Please try running this command again as root/Administrator.
59 error System Linux 3.13.0-54-generic
60 error command "node" "/usr/bin/npm" "install" "-g" "generator-hapi-style"
61 error cwd /home/shivam/development/socialcops/sc-dragon-nlp
62 error node -v v0.10.38
63 error npm -v 1.4.28
64 error path /usr/lib/node_modules/generator-hapi-style
65 error fstream_path /usr/lib/node_modules/generator-hapi-style
66 error fstream_type Directory
67 error fstream_class DirWriter
68 error code EACCES
69 error errno 3
70 error stack Error: EACCES, mkdir '/usr/lib/node_modules/generator-hapi-style'
71 error fstream_stack /usr/lib/node_modules/npm/node_modules/fstream/lib/dir-writer.js:36:23
71 error fstream_stack /usr/lib/node_modules/npm/node_modules/mkdirp/index.js:46:53
71 error fstream_stack Object.oncomplete (fs.js:108:15)
72 verbose exit [ 3, true ]
